<?xml version="1.0" encoding="UTF-8"?>
<!-- Generated by org.testng.reporters.JUnitReportReporter -->
<testsuite hostname="DESKTOP-D7T8H25" failures="0" tests="3" name="OrganizationModule.OrgScenariosTest" time="96.520" errors="0" timestamp="2025-07-30T17:53:22 IST" skipped="0">
  <testcase classname="OrganizationModule.OrgScenariosTest" name="createNewOrgTest" time="29.738">
    <system-out>
      <![CDATA[createNewOrgTestTest Execution Started
createNewOrgTestTest Execution Success]]>
    </system-out>
  </testcase> <!-- createNewOrgTest -->
  <testcase classname="OrganizationModule.OrgScenariosTest" name="CreateOrg_IndType" time="35.479">
    <system-out>
      <![CDATA[CreateOrg_IndTypeTest Execution Started
CreateOrg_IndTypeTest Execution Success]]>
    </system-out>
  </testcase> <!-- CreateOrg_IndType -->
  <testcase classname="OrganizationModule.OrgScenariosTest" name="creteOrg_Phno_Test" time="31.303">
    <system-out>
      <![CDATA[creteOrg_Phno_TestTest Execution Started
creteOrg_Phno_TestTest Execution Success]]>
    </system-out>
  </testcase> <!-- creteOrg_Phno_Test -->
  <system-out>
    <![CDATA[Suite Execution started -Configure the reports
Configure parallel execution
creteOrg_Phno_TestTest Execution Started
creteOrg_Phno_TestTest Execution Success
ContactWithSupportDateTest Execution Started
ContactWithSupportDateTest Execution Success
CreateNewContTestTest Execution Started
CreateNewContTestTest Execution Success
Create_Orgwith_ContTest Execution Started
Create_Orgwith_ContTest Execution Success
CreateOrg_IndTypeTest Execution Started
CreateOrg_IndTypeTest Execution Success
CreateOrg_IndTypeTest Execution Started
CreateOrg_IndTypeTest Execution Success
createNewOrgTestTest Execution Started
createNewOrgTestTest Execution Success
creteOrg_Phno_TestTest Execution Started
creteOrg_Phno_TestTest Execution Success
createNewOrgTestTest Execution Started
createNewOrgTestTest Execution Success
Close the Configuring parallel execution]]>
  </system-out>
</testsuite> <!-- OrganizationModule.OrgScenariosTest -->
