<?xml version="1.0" encoding="UTF-8"?>
<!-- Generated by org.testng.reporters.JUnitReportReporter -->
<testsuite hostname="DESKTOP-D7T8H25" failures="0" tests="1" name="Leads_Module.Create_Lead" time="38.707" errors="0" timestamp="2025-07-14T23:27:47 IST" skipped="0">
  <testcase classname="Leads_Module.Create_Lead" name="Create_LeadTest" time="38.707"/>
</testsuite> <!-- Leads_Module.Create_Lead -->
