<?xml version="1.0" encoding="UTF-8"?>
<!-- Generated by org.testng.reporters.JUnitReportReporter -->
<testsuite hostname="DESKTOP-D7T8H25" failures="0" tests="1" name="OrganizationModule.Cont_Org" time="29.541" errors="0" timestamp="2025-07-11T13:04:30 IST" skipped="0">
  <testcase classname="OrganizationModule.Cont_Org" name="Cont_OrgTest" time="29.541"/>
</testsuite> <!-- OrganizationModule.Cont_Org -->
