<?xml version="1.0" encoding="UTF-8"?>
<!-- Generated by org.testng.reporters.JUnitReportReporter -->
<testsuite hostname="DESKTOP-D7T8H25" failures="0" tests="1" name="ContactsModule.CreateContactTest" time="113.840" errors="0" timestamp="2025-08-01T17:57:04 IST" skipped="0">
  <testcase classname="ContactsModule.CreateContactTest" name="CreateNewContTest" time="113.840"/>
</testsuite> <!-- ContactsModule.CreateContactTest -->
