<?xml version="1.0" encoding="UTF-8"?>
<!-- Generated by org.testng.reporters.JUnitReportReporter -->
<testsuite hostname="DESKTOP-D7T8H25" failures="0" tests="1" name="ContactsModule.CreateContactTest" time="18.354" errors="0" timestamp="2025-07-21T22:38:55 IST" skipped="0">
  <testcase classname="ContactsModule.CreateContactTest" name="CreateNewContTest" time="18.354"/>
</testsuite> <!-- ContactsModule.CreateContactTest -->
