<?xml version="1.0" encoding="UTF-8"?>
<!-- Generated by org.testng.reporters.JUnitReportReporter -->
<testsuite hostname="DESKTOP-D7T8H25" failures="0" tests="1" name="ContactsModule.CreateContwithSupportDate" time="19.580" errors="0" timestamp="2025-07-21T23:04:18 IST" skipped="0">
  <testcase classname="ContactsModule.CreateContwithSupportDate" name="ContactWithSupportDate" time="19.580"/>
</testsuite> <!-- ContactsModule.CreateContwithSupportDate -->
