<?xml version="1.0" encoding="UTF-8"?>
<!-- Generated by org.testng.reporters.JUnitReportReporter -->
<testsuite hostname="DESKTOP-D7T8H25" failures="0" tests="1" name="ContactsModule.Create_ContactWith_Org" time="9.139" errors="0" timestamp="2025-07-11T12:33:04 IST" skipped="0">
  <testcase classname="ContactsModule.Create_ContactWith_Org" name="CreateCont_Org" time="9.139"/>
</testsuite> <!-- ContactsModule.Create_ContactWith_Org -->
