<?xml version="1.0" encoding="UTF-8"?>
<!-- Generated by org.testng.reporters.JUnitReportReporter -->
<testsuite hostname="DESKTOP-D7T8H25" failures="0" tests="1" name="ContactsModule.ContactScenariosTest" time="53.138" errors="0" timestamp="2025-08-01T15:18:48 IST" skipped="0">
  <testcase classname="ContactsModule.ContactScenariosTest" name="Create_Orgwith_Cont" time="53.138">
    <system-out>
      <![CDATA[Create_Orgwith_Cont Test Execution started
Create_Orgwith_Cont Test Execution Success]]>
    </system-out>
  </testcase> <!-- Create_Orgwith_Cont -->
  <system-out>
    <![CDATA[Suite Execution started - Configure the Reports
Configure parallel execution
Create_Orgwith_Cont Test Execution started
Create_Orgwith_Cont Test Execution Success
Close the Configuring parallel execution]]>
  </system-out>
</testsuite> <!-- ContactsModule.ContactScenariosTest -->
