<?xml version="1.0" encoding="UTF-8"?>
<!-- Generated by org.testng.reporters.JUnitReportReporter -->
<testsuite hostname="DESKTOP-D7T8H25" failures="0" tests="3" name="ContactsModule.ContactScenariosTest" time="111.934" errors="0" timestamp="2025-08-01T18:01:15 IST" skipped="0">
  <testcase classname="ContactsModule.ContactScenariosTest" name="ContactWithSupportDate" time="32.274">
    <system-out>
      <![CDATA[ContactWithSupportDate Test Execution started
ContactWithSupportDate Test Execution Success]]>
    </system-out>
  </testcase> <!-- ContactWithSupportDate -->
  <testcase classname="ContactsModule.ContactScenariosTest" name="Create_Orgwith_Cont" time="50.987">
    <system-out>
      <![CDATA[Create_Orgwith_Cont Test Execution started
Create_Orgwith_Cont Test Execution Success]]>
    </system-out>
  </testcase> <!-- Create_Orgwith_Cont -->
  <testcase classname="ContactsModule.ContactScenariosTest" name="CreateNewContTest" time="28.673">
    <system-out>
      <![CDATA[CreateNewContTest Test Execution started
CreateNewContTest Test Execution Success]]>
    </system-out>
  </testcase> <!-- CreateNewContTest -->
  <system-out>
    <![CDATA[Suite Execution started - Configure the Reports
Configure parallel execution
ContactWithSupportDate Test Execution started
ContactWithSupportDate Test Execution Success
CreateNewContTest Test Execution started
CreateNewContTest Test Execution Success
Create_Orgwith_Cont Test Execution started
Create_Orgwith_Cont Test Execution Success
Close the Configuring parallel execution]]>
  </system-out>
</testsuite> <!-- ContactsModule.ContactScenariosTest -->
