<?xml version="1.0" encoding="UTF-8"?>
<!-- Generated by org.testng.reporters.JUnitReportReporter -->
<testsuite hostname="DESKTOP-D7T8H25" failures="0" tests="1" name="OrganizationModule.CreateContwithSupportDate" time="21.729" errors="0" timestamp="2025-07-11T17:06:06 IST" skipped="0">
  <testcase classname="OrganizationModule.CreateContwithSupportDate" name="ContactWithSupportDate" time="21.729"/>
</testsuite> <!-- OrganizationModule.CreateContwithSupportDate -->
