<?xml version="1.0" encoding="UTF-8"?>
<!-- Generated by org.testng.reporters.JUnitReportReporter -->
<testsuite hostname="DESKTOP-D7T8H25" failures="0" tests="3" name="OrganizationModule.OrgScenariosTest" time="96.696" errors="0" timestamp="2025-08-01T18:03:05 IST" skipped="0">
  <testcase classname="OrganizationModule.OrgScenariosTest" name="CreateOrg_IndTypeTest" time="27.249">
    <system-out>
      <![CDATA[CreateOrg_IndTypeTest Test Execution started
CreateOrg_IndTypeTest Test Execution Success]]>
    </system-out>
  </testcase> <!-- CreateOrg_IndTypeTest -->
  <testcase classname="OrganizationModule.OrgScenariosTest" name="creteOrg_Phno_Test" time="39.300">
    <system-out>
      <![CDATA[creteOrg_Phno_Test Test Execution started
creteOrg_Phno_Test Test Execution Success]]>
    </system-out>
  </testcase> <!-- creteOrg_Phno_Test -->
  <testcase classname="OrganizationModule.OrgScenariosTest" name="createNewOrgTest" time="30.147">
    <system-out>
      <![CDATA[createNewOrgTest Test Execution started
createNewOrgTest Test Execution Success]]>
    </system-out>
  </testcase> <!-- createNewOrgTest -->
  <system-out>
    <![CDATA[Suite Execution started - Configure the Reports
Configure parallel execution
CreateOrg_IndTypeTest Test Execution started
CreateOrg_IndTypeTest Test Execution Success
createNewOrgTest Test Execution started
createNewOrgTest Test Execution Success
creteOrg_Phno_Test Test Execution started
creteOrg_Phno_Test Test Execution Success
Close the Configuring parallel execution]]>
  </system-out>
</testsuite> <!-- OrganizationModule.OrgScenariosTest -->
